 2026/03/07 22:04:32 ADMIN: product added: ID=1, Name=Laptop, Price=1000.00, Stock=10
 2026/03/07 22:04:32 ADMIN: product added: ID=2, Name=Desktop, Price=500.00, Stock=30
 2026/03/07 22:04:32 ADMIN: product added: ID=3, Name=TV32in, Price=3000.00, Stock=40
 2026/03/07 22:05:14 ADMIN: order history requested
 2026/03/07 22:08:48 ADMIN: product added: ID=1, Name=Laptop, Price=1000.00, Stock=10
 2026/03/07 22:08:48 ADMIN: product added: ID=2, Name=Desktop, Price=500.00, Stock=30
 2026/03/07 22:08:48 ADMIN: product added: ID=3, Name=TV32in, Price=3000.00, Stock=40
 2026/03/07 22:09:29 ERROR: product with ID 2 already exists
 2026/03/07 22:10:20 ADMIN: product added: ID=4, Name=Sofa, Price=4000.00, Stock=10
 2026/03/07 22:11:05 ADMIN: product stock updated: ID=1, NewStock=5
 2026/03/07 22:11:39 ADMIN: product price updated: ID=3, NewPrice=2800.00
 2026/03/07 22:16:44 ADMIN: product added: ID=1, Name=Laptop, Price=1000.00, Stock=10
 2026/03/07 22:16:44 ADMIN: product added: ID=2, Name=Desktop, Price=500.00, Stock=30
 2026/03/07 22:16:44 ADMIN: product added: ID=3, Name=TV32in, Price=3000.00, Stock=40
 2026/03/07 22:19:47 CLIENT: product list requested
 2026/03/07 22:20:47 ADMIN: product added: ID=1, Name=Laptop, Price=1000.00, Stock=10
 2026/03/07 22:20:47 ADMIN: product added: ID=2, Name=Desktop, Price=500.00, Stock=30
 2026/03/07 22:20:47 ADMIN: product added: ID=3, Name=TV32in, Price=3000.00, Stock=40
 2026/03/07 22:21:12 CLIENT: product list requested
 2026/03/07 22:28:17 ADMIN: product added: ID=1, Name=Laptop, Price=1000.00, Stock=10
 2026/03/07 22:28:17 ADMIN: product added: ID=2, Name=Desktop, Price=500.00, Stock=30
 2026/03/07 22:28:17 ADMIN: product added: ID=3, Name=TV32in, Price=3000.00, Stock=40
 2026/03/07 22:28:35 CLIENT: product list requested
 2026/03/07 22:29:15 CLIENT: product list requested
 2026/03/07 22:29:20 CLIENT: product list requested
 2026/03/07 22:29:21 CLIENT: product list requested
 2026/03/07 22:29:22 CLIENT: product list requested
 2026/03/07 22:29:23 CLIENT: product list requested
 2026/03/07 22:29:24 CLIENT: product list requested
 2026/03/07 22:29:24 CLIENT: product list requested
 2026/03/07 22:29:25 CLIENT: product list requested
 2026/03/07 22:29:34 CLIENT: product list requested
 2026/03/07 22:29:36 CLIENT: product list requested
 2026/03/07 22:29:36 CLIENT: product list requested
 2026/03/07 22:33:27 CLIENT: product list requested
 2026/03/07 22:33:36 CLIENT: order created: ID=1, Total=13000.00
 2026/03/07 22:33:50 CLIENT: product list requested
 2026/03/07 22:33:56 CLIENT: product list requested
 2026/03/07 22:33:57 CLIENT: product list requested
 2026/03/07 22:34:38 ADMIN: order history requested
 2026/03/07 23:11:16 ADMIN: product added: ID=1, Name=Laptop, Price=1000.00, Stock=10
 2026/03/07 23:11:16 ADMIN: product added: ID=2, Name=Desktop, Price=500.00, Stock=30
 2026/03/07 23:11:16 ADMIN: product added: ID=3, Name=TV32in, Price=3000.00, Stock=40
 2026/03/07 23:11:41 ADMIN: product added: ID=1, Name=Laptop, Price=1000.00, Stock=10
 2026/03/07 23:11:41 ADMIN: product added: ID=2, Name=Desktop, Price=500.00, Stock=30
 2026/03/07 23:11:41 ADMIN: product added: ID=3, Name=TV32in, Price=3000.00, Stock=40
 2026/03/07 23:13:12 CLIENT: product list requested
 2026/03/07 23:13:32 ADMIN: order history requested
 2026/03/07 23:14:09 CLIENT: product list requested
 2026/03/07 23:14:15 CLIENT: product list requested
 2026/03/07 23:14:18 CLIENT: product list requested
 2026/03/07 23:14:30 CLIENT: order created: ID=1, Total=6500.00
 2026/03/07 23:14:38 ADMIN: order history requested
 2026/03/07 23:16:00 ADMIN: order history requested
 2026/03/07 23:17:34 CLIENT: product list requested
 2026/03/07 23:17:52 ADMIN: order history requested
 2026/03/07 23:18:00 CLIENT: order cancelled: ID=1
 2026/03/07 23:18:10 ADMIN: order history requested
 2026/03/07 23:18:21 ERROR: failed to complete order ID 1: order is cancelled and cannot be completed
 2026/03/07 23:25:19 ADMIN: product added: ID=1, Name=Laptop, Price=1000.00, Stock=10
 2026/03/07 23:25:19 ADMIN: product added: ID=2, Name=Desktop, Price=500.00, Stock=30
 2026/03/07 23:25:19 ADMIN: product added: ID=3, Name=TV32in, Price=3000.00, Stock=40
 2026/03/07 23:25:59 CLIENT: order history requested
 2026/03/07 23:26:18 CLIENT: product list requested
 2026/03/07 23:26:40 CLIENT: product list requested
 2026/03/07 23:27:23 CLIENT: product list requested
 2026/03/07 23:27:37 CLIENT: product list requested
 2026/03/07 23:27:42 CLIENT: order created: ID=1, Total=7500.00
 2026/03/07 23:27:45 CLIENT: product list requested
 2026/03/07 23:27:50 CLIENT: product list requested
 2026/03/07 23:28:16 CLIENT: product list requested
 2026/03/07 23:28:35 CLIENT: product list requested
 2026/03/07 23:28:43 CLIENT: order created: ID=2, Total=50000.00
 2026/03/07 23:28:47 CLIENT: order history requested
 2026/03/07 23:29:13 ADMIN: order history requested
 2026/03/07 23:29:20 ADMIN: order completed: ID=1
 2026/03/07 23:29:29 ADMIN: order history requested
 2026/03/07 23:29:38 CLIENT: order history requested
 2026/03/07 23:29:49 ERROR: failed to cancel order ID 1: order is already completed and cannot be cancelled
 2026/03/07 23:29:59 CLIENT: order cancelled: ID=2
 2026/03/07 23:30:05 CLIENT: order history requested
 2026/03/07 23:30:17 ERROR: failed to complete order ID 2: order is cancelled and cannot be completed
 2026/03/07 23:30:29 CLIENT: product list requested
 2026/03/07 23:30:35 CLIENT: product list requested
 2026/03/07 23:30:58 CLIENT: product list requested
 2026/03/07 23:31:32 CLIENT: order created: ID=3, Total=500.00
 2026/03/07 23:31:40 CLIENT: order history requested
 2026/03/07 23:31:57 ADMIN: product price updated: ID=2, NewPrice=1500.00
 2026/03/07 23:32:09 ADMIN: order history requested
 2026/03/07 23:41:26 ADMIN: product added: ID=1, Name=Laptop, Price=1000.00, Stock=10
 2026/03/07 23:41:26 ADMIN: product added: ID=2, Name=Desktop, Price=500.00, Stock=30
 2026/03/07 23:41:26 ADMIN: product added: ID=3, Name=TV32in, Price=3000.00, Stock=40
 2026/03/07 23:41:51 CLIENT: product list requested
 2026/03/07 23:41:52 CLIENT: product list requested
 2026/03/07 23:42:08 CLIENT: order created: ID=1, Total=5000.00
 2026/03/07 23:42:12 CLIENT: order history requested
 2026/03/07 23:42:47 CLIENT: product list requested
 2026/03/07 23:42:54 ADMIN: product price updated: ID=1, NewPrice=1500.00
 2026/03/07 23:42:59 ADMIN: order history requested
 2026/03/07 23:43:19 CLIENT: product list requested
 2026/03/07 23:43:20 CLIENT: product list requested
 2026/03/07 23:44:49 ADMIN: product stock updated: ID=1, NewStock=10
 2026/03/07 23:45:00 CLIENT: product list requested
 2026/03/07 23:45:23 CLIENT: order created: ID=2, Total=7500.00
 2026/03/07 23:45:36 CLIENT: product list requested
 2026/03/07 23:45:56 CLIENT: order history requested
 2026/03/07 23:46:18 CLIENT: product list requested
 2026/03/07 23:46:58 CLIENT: product list requested
 2026/03/07 23:47:41 ADMIN: product added: ID=1, Name=Laptop, Price=1000.00, Stock=10
 2026/03/07 23:47:41 ADMIN: product added: ID=2, Name=Desktop, Price=500.00, Stock=30
 2026/03/07 23:47:41 ADMIN: product added: ID=3, Name=TV32in, Price=3000.00, Stock=40
 2026/03/07 23:48:04 CLIENT: product list requested
 2026/03/07 23:48:06 CLIENT: product list requested
 2026/03/07 23:48:07 CLIENT: product list requested
 2026/03/07 23:48:17 CLIENT: product list requested
 2026/03/07 23:48:54 ADMIN: product stock updated: ID=1, NewStock=30
 2026/03/07 23:49:00 CLIENT: product list requested
 2026/03/07 23:55:52 ADMIN: product added: ID=1, Name=Laptop, Price=1000.00, Stock=10
 2026/03/07 23:55:52 ADMIN: product added: ID=2, Name=Desktop, Price=500.00, Stock=30
 2026/03/07 23:55:52 ADMIN: product added: ID=3, Name=TV32in, Price=3000.00, Stock=40
 2026/03/07 23:56:42 ERROR: product with ID 1 already exists
 2026/03/07 23:57:18 CLIENT: order created: ID=1, Total=1000.00
 2026/03/07 23:57:30 ADMIN: order completed: ID=1
 2026/03/07 23:57:34 ERROR: failed to complete order ID 1: order is already completed
 2026/03/08 00:01:23 ADMIN: product added: ID=1, Name=Laptop, Price=1000.00, Stock=10
 2026/03/08 00:01:23 ADMIN: product added: ID=2, Name=Desktop, Price=500.00, Stock=30
 2026/03/08 00:01:23 ADMIN: product added: ID=3, Name=TV32in, Price=3000.00, Stock=40
 2026/03/08 00:01:36 CLIENT: product list requested
 2026/03/08 00:01:45 CLIENT: order created: ID=1, Total=5000.00
 2026/03/08 00:01:50 CLIENT: order history requested
 2026/03/08 00:01:52 CLIENT: product list requested
 2026/03/08 00:02:00 CLIENT: order cancelled: ID=1, stock restored
 2026/03/08 00:02:03 CLIENT: product list requested
 2026/03/08 00:02:20 CLIENT: order created: ID=2, Total=5000.00
 2026/03/08 00:02:36 CLIENT: order history requested
 2026/03/08 00:03:08 ADMIN: product price updated: ID=1, NewPrice=1500.00
 2026/03/08 00:03:11 ADMIN: order history requested
 2026/03/08 00:03:23 CLIENT: order cancelled: ID=2, stock restored
 2026/03/08 00:03:26 CLIENT: product list requested
 2026/03/08 00:05:25 CLIENT: order history requested
 2026/03/08 00:09:19 ADMIN: product added: ID=1, Name=Laptop, Price=1000.00, Stock=10
 2026/03/08 00:09:19 ADMIN: product added: ID=2, Name=Desktop, Price=500.00, Stock=30
 2026/03/08 00:09:19 ADMIN: product added: ID=3, Name=TV32in, Price=3000.00, Stock=40
 2026/03/08 00:10:02 CLIENT: product list requested
 2026/03/08 00:10:06 ADMIN: product added: ID=4, Name=Chair, Price=400.00, Stock=40
 2026/03/08 00:10:11 CLIENT: product list requested
 2026/03/08 00:10:13 CLIENT: product list requested
 2026/03/08 00:10:15 CLIENT: product list requested
 2026/03/08 00:11:04 CLIENT: order created: ID=1, Total=8500.00
 2026/03/08 00:11:20 ADMIN: order completed: ID=1
 2026/03/08 00:11:24 ADMIN: order history requested
 2026/03/08 00:11:34 ERROR: failed to cancel order ID 1: order is already completed and cannot be cancelled
 2026/03/08 00:11:44 CLIENT: product list requested
 2026/03/08 00:11:47 CLIENT: product list requested
 2026/03/08 00:12:09 CLIENT: order created: ID=2, Total=4000.00
 2026/03/08 00:12:11 CLIENT: order history requested
 2026/03/08 00:12:28 CLIENT: order cancelled: ID=2, stock restored
 2026/03/08 00:12:34 CLIENT: order history requested
 2026/03/08 00:12:39 CLIENT: order history requested
 2026/03/08 00:12:42 CLIENT: product list requested
 2026/03/08 00:12:57 ERROR: failed to complete order ID 2: order is cancelled and cannot be completed
 2026/03/08 12:35:59 ADMIN: product added: ID=1, Name=Laptop, Price=1000.00, Stock=10
 2026/03/08 12:35:59 ADMIN: product added: ID=2, Name=Desktop, Price=500.00, Stock=30
 2026/03/08 12:35:59 ADMIN: product added: ID=3, Name=TV32in, Price=3000.00, Stock=40
 2026/03/08 12:37:24 ADMIN: product stock updated: ID=1, NewStock=0
 2026/03/08 12:37:31 CLIENT: product list requested
 2026/03/08 12:37:40 ERROR: not enough stock for product ID 1
 2026/03/08 13:37:42 ADMIN: product added: ID=1, Name=Laptop, Price=1000.00, Stock=10
 2026/03/08 13:37:42 ADMIN: product added: ID=2, Name=Desktop, Price=500.00, Stock=30
 2026/03/08 13:37:42 ADMIN: product added: ID=3, Name=TV32in, Price=3000.00, Stock=40
 2026/03/08 13:38:14 AUTH: user logged in: carlos, role: customer
 2026/03/08 13:38:49 AUTH: user registered: Pedro, role: customer
 2026/03/08 13:38:57 AUTH: user logged in: Pedro, role: customer
 2026/03/08 13:39:19 AUTH: user registered: juan, role: admin
 2026/03/08 13:39:26 AUTH: user logged in: juan, role: admin
 2026/03/08 13:39:49 ERROR: user PedroJuan not found
 2026/03/08 13:39:58 ERROR: invalid password for user Pedro
 2026/03/08 13:44:02 ERROR: user Pedro already exists
 2026/03/08 14:39:39 ADMIN: product added: ID=1, Name=Laptop, Price=1000.00, Stock=10
 2026/03/08 14:39:39 ADMIN: product added: ID=2, Name=Desktop, Price=500.00, Stock=30
 2026/03/08 14:39:39 ADMIN: product added: ID=3, Name=TV32in, Price=3000.00, Stock=40
 2026/03/08 14:40:23 AUTH: user logged in: admin, role: admin
 2026/03/08 14:40:23 ADMIN: admin logged in
 2026/03/08 14:41:02 AUTH: user logged in: carlos, role: customer
 2026/03/08 14:41:02 CLIENT: carlos logged in
 2026/03/08 14:41:41 CLIENT: product list requested
 2026/03/08 14:42:14 CLIENT: order history requested for user: carlos
 2026/03/08 14:42:20 CLIENT: order created: ID=1, Total=7500.00
 2026/03/08 14:42:28 CLIENT: order history requested for user: carlos
 2026/03/08 14:42:39 ADMIN: order history requested
 2026/03/08 14:43:15 AUTH: user registered: pedro, role: customer
 2026/03/08 14:43:26 AUTH: user logged in: pedro, role: customer
 2026/03/08 14:43:26 CLIENT: pedro logged in
 2026/03/08 14:43:37 CLIENT: order history requested for user: pedro
 2026/03/08 14:43:44 CLIENT: order history requested for user: carlos
 2026/03/08 14:43:49 CLIENT: product list requested
 2026/03/08 14:44:24 CLIENT: order created: ID=2, Total=12000.00
 2026/03/08 14:44:28 CLIENT: order history requested for user: pedro
 2026/03/08 14:44:38 ADMIN: order history requested
 2026/03/08 14:44:53 ADMIN: order completed: ID=1
 2026/03/08 14:45:00 ADMIN: order history requested
 2026/03/08 14:45:07 CLIENT: order history requested for user: carlos
 2026/03/08 14:45:18 ERROR: failed to cancel order ID 1: order is already completed and cannot be cancelled
 2026/03/08 14:45:34 CLIENT: order cancelled: ID=2, stock restored
 2026/03/08 14:45:40 CLIENT: order history requested for user: pedro
 2026/03/08 14:45:48 ERROR: failed to complete order ID 2: order is cancelled and cannot be completed
 2026/03/08 14:47:07 CLIENT: pedro logged out
 2026/03/08 14:47:18 AUTH: user logged in: pedro, role: customer
 2026/03/08 14:47:18 CLIENT: pedro logged in
 2026/03/08 16:40:41 ADMIN: product added: ID=1, Name=Laptop, Price=1000.00, Stock=10
 2026/03/08 16:40:41 Store data saved to file: store.json
 2026/03/08 16:40:41 ADMIN: product added: ID=2, Name=Desktop, Price=500.00, Stock=30
 2026/03/08 16:40:41 Store data saved to file: store.json
 2026/03/08 16:40:41 ADMIN: product added: ID=3, Name=TV32in, Price=3000.00, Stock=40
 2026/03/08 16:40:41 Store data saved to file: store.json
 2026/03/08 16:40:41 Store data saved to file: store.json
 2026/03/08 16:40:41 AUTH: users saved to file: users.json
 2026/03/08 16:41:22 AUTH: user logged in: admin, role: admin
 2026/03/08 16:41:22 ADMIN: admin logged in
 2026/03/08 16:41:39 AUTH: user logged in: carlos, role: customer
 2026/03/08 16:41:39 CLIENT: carlos logged in
 2026/03/08 16:42:08 AUTH: user registered: pedro, role: customer
 2026/03/08 16:42:08 AUTH: users saved to file: users.json
 2026/03/08 16:42:30 AUTH: user logged in: pedro, role: customer
 2026/03/08 16:42:30 CLIENT: pedro logged in
 2026/03/08 16:43:00 AUTH: user registered: admin2, role: admin
 2026/03/08 16:43:00 AUTH: users saved to file: users.json
 2026/03/08 16:43:16 ERROR: invalid password for user admin2
 2026/03/08 16:43:35 AUTH: user logged in: admin2, role: admin
 2026/03/08 16:43:35 ADMIN: admin2 logged in
 2026/03/08 16:44:28 CLIENT: order created: ID=1, Total=5000.00
 2026/03/08 16:44:28 Store data saved to file: store.json
 2026/03/08 16:44:54 ADMIN: order history requested
 2026/03/08 16:45:06 ADMIN: order completed: ID=1
 2026/03/08 16:45:06 Store data saved to file: store.json
 2026/03/08 16:45:34 ADMIN: product stock updated: ID=1, NewStock=10
 2026/03/08 16:45:34 Store data saved to file: store.json
 2026/03/08 16:57:07 Store data loaded from file: store.json
 2026/03/08 16:57:07 Store data loaded from store.json
 2026/03/08 16:57:07 AUTH: users loaded from file: users.json
 2026/03/08 16:57:07 User data loaded from users.json
 2026/03/08 16:57:22 AUTH: user logged in: admin, role: admin
 2026/03/08 16:57:22 ADMIN: admin logged in
 2026/03/08 16:58:38 ADMIN: product added: ID=1, Name=Laptop, Price=1000.00, Stock=10
 2026/03/08 16:58:38 Store data saved to file: store.json
 2026/03/08 16:58:38 ADMIN: product added: ID=2, Name=Desktop, Price=500.00, Stock=30
 2026/03/08 16:58:38 Store data saved to file: store.json
 2026/03/08 16:58:38 ADMIN: product added: ID=3, Name=TV32in, Price=3000.00, Stock=40
 2026/03/08 16:58:38 Store data saved to file: store.json
 2026/03/08 16:58:38 Store data saved to file: store.json
 2026/03/08 16:58:38 AUTH: users saved to file: users.json
 2026/03/08 16:58:55 AUTH: user logged in: carlos, role: customer
 2026/03/08 16:58:55 CLIENT: carlos logged in
 2026/03/08 16:59:22 Store data loaded from file: store.json
 2026/03/08 16:59:22 Store data loaded from store.json
 2026/03/08 16:59:22 AUTH: users loaded from file: users.json
 2026/03/08 16:59:22 User data loaded from users.json
 2026/03/08 16:59:34 AUTH: user logged in: admin, role: admin
 2026/03/08 16:59:34 ADMIN: admin logged in
 2026/03/08 17:01:04 ADMIN: admin logged out
 2026/03/08 17:41:10 Store data loaded from file: store.json
 2026/03/08 17:41:10 Store data loaded from store.json
 2026/03/08 17:41:10 AUTH: users loaded from file: users.json
 2026/03/08 17:41:10 User data loaded from users.json
 2026/03/08 17:41:58 AUTH: user logged in: admin, role: admin
 2026/03/08 17:41:58 ADMIN: admin logged in
 2026/03/08 17:42:37 AUTH: user logged in: admin, role: admin
 2026/03/08 17:42:37 ADMIN: admin logged in
 2026/03/08 17:42:58 ADMIN: product added: ID=4, Name=Mouse, Price=300.00, Stock=25
 2026/03/08 17:42:58 Store data saved to file: store.json
 2026/03/08 17:43:17 ADMIN: product stock updated: ID=4, NewStock=0
 2026/03/08 17:43:17 Store data saved to file: store.json
 2026/03/08 17:43:47 ADMIN: product price updated: ID=4, NewPrice=400.00
 2026/03/08 17:43:47 Store data saved to file: store.json
 2026/03/08 17:44:24 ERROR: invalid password for user carlos
 2026/03/08 17:44:34 AUTH: user logged in: carlos, role: customer
 2026/03/08 17:44:34 CLIENT: carlos logged in
 2026/03/08 17:44:59 CLIENT: order created: ID=1, Total=2500.00
 2026/03/08 17:44:59 Store data saved to file: store.json
 2026/03/08 17:45:11 ADMIN: order history requested
 2026/03/08 17:45:42 ADMIN: order completed: ID=1
 2026/03/08 17:45:42 Store data saved to file: store.json
 2026/03/08 17:45:46 ADMIN: order history requested
 2026/03/08 17:46:22 ADMIN: user list requested
 2026/03/08 17:46:38 ADMIN: admin logged out
 2026/03/08 17:50:18 Store data loaded from file: store.json
 2026/03/08 17:50:18 Store data loaded from store.json
 2026/03/08 17:50:18 AUTH: users loaded from file: users.json
 2026/03/08 17:50:18 User data loaded from users.json
 2026/03/08 17:50:40 AUTH: user logged in: admin, role: admin
 2026/03/08 17:50:40 ADMIN: admin logged in
 2026/03/08 17:50:54 AUTH: user logged in: carlos, role: customer
 2026/03/08 17:50:54 CLIENT: carlos logged in
 2026/03/08 17:51:12 CLIENT: product list requested
 2026/03/08 17:53:30 CLIENT: order created: ID=2, Total=12000.00
 2026/03/08 17:53:30 Store data saved to file: store.json
 2026/03/08 17:53:52 CLIENT: order history requested for user: carlos
 2026/03/08 17:54:23 CLIENT: order cancelled: ID=2, stock restored
 2026/03/08 17:54:23 Store data saved to file: store.json
 2026/03/08 17:54:28 CLIENT: order history requested for user: carlos
 2026/03/08 17:54:45 CLIENT: carlos logged out
